1600218330229	mozrunner::runner	INFO	Running command: "C:\\Program Files\\Mozilla Firefox\\firefox.exe" "-marionette" "-foreground" "-no-remote" "-profile" "C:\\Users\\Brendan\\AppData\\Local\\Temp\\rust_mozprofilef5T2CK"
JavaScript error: resource://gre/modules/XULStore.jsm, line 66: Error: Can't find profile directory.
console.error: SearchCache: "_readCacheFile: Error reading cache file:" (new Error("", "(unknown module)"))
1600218332302	Marionette	INFO	Listening on port 60025
1600218332344	Marionette	WARN	TLS certificate errors will be ignored for this session
1600218356348	Marionette	INFO	Stopped listening on port 60025

###!!! [Child][RunMessage] Error: Channel closing: too late to send/recv, messages will be lost


###!!! [Child][MessageChannel::SendAndWait] Error: Channel error: cannot send/recv

1600218439864	mozrunner::runner	INFO	Running command: "C:\\Program Files\\Mozilla Firefox\\firefox.exe" "-marionette" "-foreground" "-no-remote" "-profile" "C:\\Users\\Brendan\\AppData\\Local\\Temp\\rust_mozprofileN55Ygq"
JavaScript error: resource://gre/modules/XULStore.jsm, line 66: Error: Can't find profile directory.
console.error: SearchCache: "_readCacheFile: Error reading cache file:" (new Error("", "(unknown module)"))
1600218441806	Marionette	INFO	Listening on port 60110
1600218441875	Marionette	WARN	TLS certificate errors will be ignored for this session
1600218461257	Marionette	INFO	Stopped listening on port 60110

###!!! [Child][RunMessage] Error: Channel closing: too late to send/recv, messages will be lost


###!!! [Child][MessageChannel::SendAndWait] Error: Channel error: cannot send/recv

1600232250217	mozrunner::runner	INFO	Running command: "C:\\Program Files\\Mozilla Firefox\\firefox.exe" "-marionette" "-foreground" "-no-remote" "-profile" "C:\\Users\\Brendan\\AppData\\Local\\Temp\\rust_mozprofileYAo2XY"
JavaScript error: resource://gre/modules/XULStore.jsm, line 66: Error: Can't find profile directory.
console.error: SearchCache: "_readCacheFile: Error reading cache file:" (new Error("", "(unknown module)"))
1600232252322	Marionette	INFO	Listening on port 62628
1600232252331	Marionette	WARN	TLS certificate errors will be ignored for this session
1600232267131	Marionette	INFO	Stopped listening on port 62628

###!!! [Child][RunMessage] Error: Channel closing: too late to send/recv, messages will be lost


###!!! [Child][MessageChannel::SendAndWait] Error: Channel error: cannot send/recv

1600232279446	mozrunner::runner	INFO	Running command: "C:\\Program Files\\Mozilla Firefox\\firefox.exe" "-marionette" "-foreground" "-no-remote" "-profile" "C:\\Users\\Brendan\\AppData\\Local\\Temp\\rust_mozprofileYdIGAY"
JavaScript error: resource://gre/modules/XULStore.jsm, line 66: Error: Can't find profile directory.
console.error: SearchCache: "_readCacheFile: Error reading cache file:" (new Error("", "(unknown module)"))
1600232281446	Marionette	INFO	Listening on port 62696
1600232281471	Marionette	WARN	TLS certificate errors will be ignored for this session
1600232294018	Marionette	INFO	Stopped listening on port 62696

###!!! [Child][RunMessage] Error: Channel closing: too late to send/recv, messages will be lost


###!!! [Child][MessageChannel::SendAndWait] Error: Channel error: cannot send/recv

1600232303775	mozrunner::runner	INFO	Running command: "C:\\Program Files\\Mozilla Firefox\\firefox.exe" "-marionette" "-foreground" "-no-remote" "-profile" "C:\\Users\\Brendan\\AppData\\Local\\Temp\\rust_mozprofile0JNFK5"
JavaScript error: resource://gre/modules/XULStore.jsm, line 66: Error: Can't find profile directory.
console.error: SearchCache: "_readCacheFile: Error reading cache file:" (new Error("", "(unknown module)"))
1600232305757	Marionette	INFO	Listening on port 62762
1600232305787	Marionette	WARN	TLS certificate errors will be ignored for this session
1600232320888	Marionette	INFO	Stopped listening on port 62762

###!!! [Child][RunMessage] Error: Channel closing: too late to send/recv, messages will be lost


###!!! [Child][MessageChannel::SendAndWait] Error: Channel error: cannot send/recv

1600232332468	mozrunner::runner	INFO	Running command: "C:\\Program Files\\Mozilla Firefox\\firefox.exe" "-marionette" "-foreground" "-no-remote" "-profile" "C:\\Users\\Brendan\\AppData\\Local\\Temp\\rust_mozprofilevsgTZp"
JavaScript error: resource://gre/modules/XULStore.jsm, line 66: Error: Can't find profile directory.
console.error: SearchCache: "_readCacheFile: Error reading cache file:" (new Error("", "(unknown module)"))
1600232334459	Marionette	INFO	Listening on port 62837
1600232334478	Marionette	WARN	TLS certificate errors will be ignored for this session
1600232349041	Marionette	INFO	Stopped listening on port 62837

###!!! [Child][RunMessage] Error: Channel closing: too late to send/recv, messages will be lost


###!!! [Child][MessageChannel::SendAndWait] Error: Channel error: cannot send/recv

1600232361471	mozrunner::runner	INFO	Running command: "C:\\Program Files\\Mozilla Firefox\\firefox.exe" "-marionette" "-foreground" "-no-remote" "-profile" "C:\\Users\\Brendan\\AppData\\Local\\Temp\\rust_mozprofilesOZ6Xn"
JavaScript error: resource://gre/modules/XULStore.jsm, line 66: Error: Can't find profile directory.
console.error: SearchCache: "_readCacheFile: Error reading cache file:" (new Error("", "(unknown module)"))
1600232363486	Marionette	INFO	Listening on port 62911
1600232363579	Marionette	WARN	TLS certificate errors will be ignored for this session
1600232376708	Marionette	INFO	Stopped listening on port 62911

###!!! [Child][RunMessage] Error: Channel closing: too late to send/recv, messages will be lost


###!!! [Child][MessageChannel::SendAndWait] Error: Channel error: cannot send/recv

1600232384975	mozrunner::runner	INFO	Running command: "C:\\Program Files\\Mozilla Firefox\\firefox.exe" "-marionette" "-foreground" "-no-remote" "-profile" "C:\\Users\\Brendan\\AppData\\Local\\Temp\\rust_mozprofilex76hZG"
JavaScript error: resource://gre/modules/XULStore.jsm, line 66: Error: Can't find profile directory.
console.error: SearchCache: "_readCacheFile: Error reading cache file:" (new Error("", "(unknown module)"))
1600232386942	Marionette	INFO	Listening on port 63014
1600232387032	Marionette	WARN	TLS certificate errors will be ignored for this session
1600232402292	Marionette	INFO	Stopped listening on port 63014

###!!! [Child][RunMessage] Error: Channel closing: too late to send/recv, messages will be lost


###!!! [Child][MessageChannel::SendAndWait] Error: Channel error: cannot send/recv

1600232649618	mozrunner::runner	INFO	Running command: "C:\\Program Files\\Mozilla Firefox\\firefox.exe" "-marionette" "-foreground" "-no-remote" "-profile" "C:\\Users\\Brendan\\AppData\\Local\\Temp\\rust_mozprofileBslmhV"
JavaScript error: resource://gre/modules/XULStore.jsm, line 66: Error: Can't find profile directory.
console.error: SearchCache: "_readCacheFile: Error reading cache file:" (new Error("", "(unknown module)"))
1600232651686	Marionette	INFO	Listening on port 63219
1600232651762	Marionette	WARN	TLS certificate errors will be ignored for this session
1600232678784	Marionette	INFO	Stopped listening on port 63219

###!!! [Child][RunMessage] Error: Channel closing: too late to send/recv, messages will be lost


###!!! [Child][MessageChannel::SendAndWait] Error: Channel error: cannot send/recv

1600232687789	mozrunner::runner	INFO	Running command: "C:\\Program Files\\Mozilla Firefox\\firefox.exe" "-marionette" "-foreground" "-no-remote" "-profile" "C:\\Users\\Brendan\\AppData\\Local\\Temp\\rust_mozprofileGMFrCq"
JavaScript error: resource://gre/modules/XULStore.jsm, line 66: Error: Can't find profile directory.
console.error: SearchCache: "_readCacheFile: Error reading cache file:" (new Error("", "(unknown module)"))
1600232689888	Marionette	INFO	Listening on port 63350
1600232689950	Marionette	WARN	TLS certificate errors will be ignored for this session
1600232709582	Marionette	INFO	Stopped listening on port 63350

###!!! [Child][RunMessage] Error: Channel closing: too late to send/recv, messages will be lost


###!!! [Child][MessageChannel::SendAndWait] Error: Channel error: cannot send/recv

1600232722139	mozrunner::runner	INFO	Running command: "C:\\Program Files\\Mozilla Firefox\\firefox.exe" "-marionette" "-foreground" "-no-remote" "-profile" "C:\\Users\\Brendan\\AppData\\Local\\Temp\\rust_mozprofileZ6Uofg"
JavaScript error: resource://gre/modules/XULStore.jsm, line 66: Error: Can't find profile directory.
console.error: SearchCache: "_readCacheFile: Error reading cache file:" (new Error("", "(unknown module)"))
1600232724218	Marionette	INFO	Listening on port 63434
1600232724311	Marionette	WARN	TLS certificate errors will be ignored for this session
1600232738312	Marionette	INFO	Stopped listening on port 63434

###!!! [Child][RunMessage] Error: Channel closing: too late to send/recv, messages will be lost


###!!! [Child][MessageChannel::SendAndWait] Error: Channel error: cannot send/recv

1600232751899	mozrunner::runner	INFO	Running command: "C:\\Program Files\\Mozilla Firefox\\firefox.exe" "-marionette" "-foreground" "-no-remote" "-profile" "C:\\Users\\Brendan\\AppData\\Local\\Temp\\rust_mozprofileQhHiZn"
JavaScript error: resource://gre/modules/XULStore.jsm, line 66: Error: Can't find profile directory.
console.error: SearchCache: "_readCacheFile: Error reading cache file:" (new Error("", "(unknown module)"))
1600232754008	Marionette	INFO	Listening on port 63510
1600232754086	Marionette	WARN	TLS certificate errors will be ignored for this session
1600232760082	Marionette	INFO	Stopped listening on port 63510

###!!! [Child][RunMessage] Error: Channel closing: too late to send/recv, messages will be lost


###!!! [Child][MessageChannel::SendAndWait] Error: Channel error: cannot send/recv

1600232771918	mozrunner::runner	INFO	Running command: "C:\\Program Files\\Mozilla Firefox\\firefox.exe" "-marionette" "-foreground" "-no-remote" "-profile" "C:\\Users\\Brendan\\AppData\\Local\\Temp\\rust_mozprofile5jhC4u"
JavaScript error: resource://gre/modules/XULStore.jsm, line 66: Error: Can't find profile directory.
console.error: SearchCache: "_readCacheFile: Error reading cache file:" (new Error("", "(unknown module)"))
1600232773988	Marionette	INFO	Listening on port 63565
1600232774071	Marionette	WARN	TLS certificate errors will be ignored for this session
1600232788822	Marionette	INFO	Stopped listening on port 63565

###!!! [Child][RunMessage] Error: Channel closing: too late to send/recv, messages will be lost


###!!! [Child][MessageChannel::SendAndWait] Error: Channel error: cannot send/recv

1600232800638	mozrunner::runner	INFO	Running command: "C:\\Program Files\\Mozilla Firefox\\firefox.exe" "-marionette" "-foreground" "-no-remote" "-profile" "C:\\Users\\Brendan\\AppData\\Local\\Temp\\rust_mozprofiler6r3wZ"
JavaScript error: resource://gre/modules/XULStore.jsm, line 66: Error: Can't find profile directory.
console.error: SearchCache: "_readCacheFile: Error reading cache file:" (new Error("", "(unknown module)"))
1600232802729	Marionette	INFO	Listening on port 63659
1600232802786	Marionette	WARN	TLS certificate errors will be ignored for this session
1600232808944	Marionette	INFO	Stopped listening on port 63659

###!!! [Child][RunMessage] Error: Channel closing: too late to send/recv, messages will be lost


###!!! [Child][RunMessage] Error: Channel closing: too late to send/recv, messages will be lost


###!!! [Child][RunMessage] Error: Channel closing: too late to send/recv, messages will be lost


###!!! [Child][RunMessage] Error: Channel closing: too late to send/recv, messages will be lost


###!!! [Child][MessageChannel::SendAndWait] Error: Channel error: cannot send/recv

1600232816459	mozrunner::runner	INFO	Running command: "C:\\Program Files\\Mozilla Firefox\\firefox.exe" "-marionette" "-foreground" "-no-remote" "-profile" "C:\\Users\\Brendan\\AppData\\Local\\Temp\\rust_mozprofile4uPP4E"
JavaScript error: resource://gre/modules/XULStore.jsm, line 66: Error: Can't find profile directory.
console.error: SearchCache: "_readCacheFile: Error reading cache file:" (new Error("", "(unknown module)"))
1600232818577	Marionette	INFO	Listening on port 63718
1600232818620	Marionette	WARN	TLS certificate errors will be ignored for this session
1600232823348	Marionette	INFO	Stopped listening on port 63718

###!!! [Child][RunMessage] Error: Channel closing: too late to send/recv, messages will be lost


###!!! [Child][MessageChannel::SendAndWait] Error: Channel error: cannot send/recv

1600232837709	mozrunner::runner	INFO	Running command: "C:\\Program Files\\Mozilla Firefox\\firefox.exe" "-marionette" "-foreground" "-no-remote" "-profile" "C:\\Users\\Brendan\\AppData\\Local\\Temp\\rust_mozprofileIgac1W"
JavaScript error: resource://gre/modules/XULStore.jsm, line 66: Error: Can't find profile directory.
console.error: SearchCache: "_readCacheFile: Error reading cache file:" (new Error("", "(unknown module)"))
1600232839795	Marionette	INFO	Listening on port 63774
1600232839890	Marionette	WARN	TLS certificate errors will be ignored for this session
1600232852874	Marionette	INFO	Stopped listening on port 63774

###!!! [Child][MessageChannel::SendAndWait] Error: Channel error: cannot send/recv

1600232860808	mozrunner::runner	INFO	Running command: "C:\\Program Files\\Mozilla Firefox\\firefox.exe" "-marionette" "-foreground" "-no-remote" "-profile" "C:\\Users\\Brendan\\AppData\\Local\\Temp\\rust_mozprofileJt24kv"
JavaScript error: resource://gre/modules/XULStore.jsm, line 66: Error: Can't find profile directory.
console.error: SearchCache: "_readCacheFile: Error reading cache file:" (new Error("", "(unknown module)"))
1600232862880	Marionette	INFO	Listening on port 63865
1600232862961	Marionette	WARN	TLS certificate errors will be ignored for this session
1600232876824	Marionette	INFO	Stopped listening on port 63865

###!!! [Child][RunMessage] Error: Channel closing: too late to send/recv, messages will be lost


###!!! [Child][MessageChannel::SendAndWait] Error: Channel error: cannot send/recv

1600238500421	mozrunner::runner	INFO	Running command: "C:\\Program Files\\Mozilla Firefox\\firefox.exe" "-marionette" "-foreground" "-no-remote" "-profile" "C:\\Users\\Brendan\\AppData\\Local\\Temp\\rust_mozprofile5hX4uX"
JavaScript error: resource://gre/modules/XULStore.jsm, line 66: Error: Can't find profile directory.
console.error: SearchCache: "_readCacheFile: Error reading cache file:" (new Error("", "(unknown module)"))
1600238502466	Marionette	INFO	Listening on port 49340
1600238502529	Marionette	WARN	TLS certificate errors will be ignored for this session
1600238517043	Marionette	INFO	Stopped listening on port 49340

###!!! [Child][RunMessage] Error: Channel closing: too late to send/recv, messages will be lost


###!!! [Child][MessageChannel::SendAndWait] Error: Channel error: cannot send/recv

1600238528414	mozrunner::runner	INFO	Running command: "C:\\Program Files\\Mozilla Firefox\\firefox.exe" "-marionette" "-foreground" "-no-remote" "-profile" "C:\\Users\\Brendan\\AppData\\Local\\Temp\\rust_mozprofile7foojs"
JavaScript error: resource://gre/modules/XULStore.jsm, line 66: Error: Can't find profile directory.
console.error: SearchCache: "_readCacheFile: Error reading cache file:" (new Error("", "(unknown module)"))
1600238530419	Marionette	INFO	Listening on port 49409
1600238530423	Marionette	WARN	TLS certificate errors will be ignored for this session
1600238550008	Marionette	INFO	Stopped listening on port 49409

###!!! [Child][RunMessage] Error: Channel closing: too late to send/recv, messages will be lost


###!!! [Child][MessageChannel::SendAndWait] Error: Channel error: cannot send/recv

